20:31:08.140 [main] INFO  org.springframework.test.context.support.DefaultTestContextBootstrapper - Loaded default TestExecutionListener class names from location [META-INF/spring.factories]: [org.springframework.test.context.web.ServletTestExecutionListener, org.springframework.test.context.support.DirtiesContextBeforeModesTestExecutionListener, org.springframework.test.context.support.DependencyInjectionTestExecutionListener, org.springframework.test.context.support.DirtiesContextTestExecutionListener, org.springframework.test.context.transaction.TransactionalTestExecutionListener, org.springframework.test.context.jdbc.SqlScriptsTestExecutionListener]
20:31:08.162 [main] INFO  org.springframework.test.context.support.DefaultTestContextBootstrapper - Using TestExecutionListeners: [org.springframework.test.context.support.DirtiesContextBeforeModesTestExecutionListener@6f1de4c7, org.springframework.test.context.support.DependencyInjectionTestExecutionListener@459e9125, org.springframework.test.context.support.DirtiesContextTestExecutionListener@128d2484, org.springframework.test.context.transaction.TransactionalTestExecutionListener@7cc0cdad, org.springframework.test.context.jdbc.SqlScriptsTestExecutionListener@7c7b252e]
20:31:08.827 [main] INFO  org.hibernate.jpa.internal.util.LogHelper - HHH000204: Processing PersistenceUnitInfo [
	name: my-unit
	...]
20:31:08.952 [main] INFO  org.hibernate.Version - HHH000412: Hibernate Core {4.3.8.Final}
20:31:08.952 [main] INFO  org.hibernate.cfg.Environment - HHH000206: hibernate.properties not found
20:31:08.968 [main] INFO  org.hibernate.cfg.Environment - HHH000021: Bytecode provider name : javassist
20:31:09.139 [main] INFO  org.hibernate.annotations.common.Version - HCANN000001: Hibernate Commons Annotations {4.0.5.Final}
20:31:09.499 [main] INFO  org.hibernate.dialect.Dialect - HHH000400: Using dialect: org.hibernate.dialect.PostgreSQL9Dialect
20:31:09.517 [main] INFO  org.hibernate.engine.jdbc.internal.LobCreatorBuilder - HHH000424: Disabling contextual LOB creation as createClob() method threw error : java.lang.reflect.InvocationTargetException
20:31:09.595 [main] WARN  org.hibernate.cfg.AnnotationBinder - HHH000136: Inapropriate use of @OnDelete on entity, annotation ignored: com.itacademy.jd2.yi.cms.dao.orm.impl.entity.Page
20:31:09.642 [main] INFO  org.hibernate.hql.internal.ast.ASTQueryTranslatorFactory - HHH000397: Using ASTQueryTranslatorFactory
20:31:09.736 [main] INFO  org.hibernate.search.engine.Version - HSEARCH000034: Hibernate Search 5.0.1.Final
20:31:10.122 [main] WARN  org.hibernate.search.engine.impl.ConfigContext - HSEARCH000075: Configuration setting hibernate.search.lucene_version was not specified: using LUCENE_CURRENT.
20:31:10.301 [main] INFO  org.springframework.orm.jpa.LocalContainerEntityManagerFactoryBean - Initialized JPA EntityManagerFactory for persistence unit 'my-unit'
20:31:10.337 [main] INFO  com.itacademy.jd2.yi.cms.dao.orm.impl.HibernateSearchInitializer - index intialization started.
20:31:11.499 [Hibernate Search sync consumer thread for index com.itacademy.jd2.yi.cms.dao.orm.impl.entity.Page] ERROR org.hibernate.search.exception.impl.LogErrorHandler - HSEARCH000058: Exception occurred org.apache.lucene.store.LockObtainFailedException: Lock obtain timed out: NativeFSLock@\var\lucene\indexes\com.itacademy.jd2.yi.cms.dao.orm.impl.entity.Page\write.lock
Primary Failure:
	Entity com.itacademy.jd2.yi.cms.dao.orm.impl.entity.Page  Id null  Work Type  org.hibernate.search.backend.PurgeAllLuceneWork

org.apache.lucene.store.LockObtainFailedException: Lock obtain timed out: NativeFSLock@\var\lucene\indexes\com.itacademy.jd2.yi.cms.dao.orm.impl.entity.Page\write.lock
	at org.apache.lucene.store.Lock.obtain(Lock.java:89) ~[lucene-core-4.10.3.jar:4.10.3 1644336 - mark - 2014-12-10 00:28:00]
	at org.apache.lucene.index.IndexWriter.<init>(IndexWriter.java:753) ~[lucene-core-4.10.3.jar:4.10.3 1644336 - mark - 2014-12-10 00:28:00]
	at org.hibernate.search.backend.impl.lucene.IndexWriterHolder.createNewIndexWriter(IndexWriterHolder.java:131) [hibernate-search-engine-5.0.1.Final.jar:5.0.1.Final]
	at org.hibernate.search.backend.impl.lucene.IndexWriterHolder.getIndexWriter(IndexWriterHolder.java:97) [hibernate-search-engine-5.0.1.Final.jar:5.0.1.Final]
	at org.hibernate.search.backend.impl.lucene.AbstractWorkspaceImpl.getIndexWriter(AbstractWorkspaceImpl.java:105) [hibernate-search-engine-5.0.1.Final.jar:5.0.1.Final]
	at org.hibernate.search.backend.impl.lucene.LuceneBackendQueueTask.applyUpdates(LuceneBackendQueueTask.java:81) [hibernate-search-engine-5.0.1.Final.jar:5.0.1.Final]
	at org.hibernate.search.backend.impl.lucene.LuceneBackendQueueTask.run(LuceneBackendQueueTask.java:47) [hibernate-search-engine-5.0.1.Final.jar:5.0.1.Final]
	at org.hibernate.search.backend.impl.lucene.SyncWorkProcessor$Consumer.applyChangesets(SyncWorkProcessor.java:145) [hibernate-search-engine-5.0.1.Final.jar:5.0.1.Final]
	at org.hibernate.search.backend.impl.lucene.SyncWorkProcessor$Consumer.run(SyncWorkProcessor.java:135) [hibernate-search-engine-5.0.1.Final.jar:5.0.1.Final]
	at java.lang.Thread.run(Unknown Source) [?:1.8.0_201]
20:31:11.499 [Hibernate Search sync consumer thread for index com.itacademy.jd2.yi.cms.dao.orm.impl.entity.Page] ERROR org.hibernate.search.backend.impl.lucene.LuceneBackendQueueTask - HSEARCH000072: Couldn't open the IndexWriter because of previous error: operation skipped, index ouf of sync!
20:31:12.505 [main] ERROR org.hibernate.search.exception.impl.LogErrorHandler - HSEARCH000058: HSEARCH000117: IOException on the IndexWriter
org.apache.lucene.store.LockObtainFailedException: Lock obtain timed out: NativeFSLock@\var\lucene\indexes\com.itacademy.jd2.yi.cms.dao.orm.impl.entity.Page\write.lock
	at org.apache.lucene.store.Lock.obtain(Lock.java:89) ~[lucene-core-4.10.3.jar:4.10.3 1644336 - mark - 2014-12-10 00:28:00]
	at org.apache.lucene.index.IndexWriter.<init>(IndexWriter.java:753) ~[lucene-core-4.10.3.jar:4.10.3 1644336 - mark - 2014-12-10 00:28:00]
	at org.hibernate.search.backend.impl.lucene.IndexWriterHolder.createNewIndexWriter(IndexWriterHolder.java:131) ~[hibernate-search-engine-5.0.1.Final.jar:5.0.1.Final]
	at org.hibernate.search.backend.impl.lucene.IndexWriterHolder.getIndexWriter(IndexWriterHolder.java:97) ~[hibernate-search-engine-5.0.1.Final.jar:5.0.1.Final]
	at org.hibernate.search.backend.impl.lucene.IndexWriterHolder.getIndexWriter(IndexWriterHolder.java:116) ~[hibernate-search-engine-5.0.1.Final.jar:5.0.1.Final]
	at org.hibernate.search.backend.impl.lucene.AbstractWorkspaceImpl.getIndexWriter(AbstractWorkspaceImpl.java:101) ~[hibernate-search-engine-5.0.1.Final.jar:5.0.1.Final]
	at org.hibernate.search.backend.impl.lucene.LuceneBackendTaskStreamer.doWork(LuceneBackendTaskStreamer.java:45) ~[hibernate-search-engine-5.0.1.Final.jar:5.0.1.Final]
	at org.hibernate.search.backend.impl.lucene.LuceneBackendQueueProcessor.applyStreamWork(LuceneBackendQueueProcessor.java:76) ~[hibernate-search-engine-5.0.1.Final.jar:5.0.1.Final]
	at org.hibernate.search.indexes.spi.DirectoryBasedIndexManager.performStreamOperation(DirectoryBasedIndexManager.java:106) ~[hibernate-search-engine-5.0.1.Final.jar:5.0.1.Final]
	at org.hibernate.search.backend.impl.batch.DefaultBatchBackend.optimize(DefaultBatchBackend.java:81) ~[hibernate-search-engine-5.0.1.Final.jar:5.0.1.Final]
	at org.hibernate.search.batchindexing.impl.BatchCoordinator.beforeBatch(BatchCoordinator.java:142) ~[hibernate-search-orm-5.0.1.Final.jar:5.0.1.Final]
	at org.hibernate.search.batchindexing.impl.BatchCoordinator.runWithErrorHandler(BatchCoordinator.java:81) ~[hibernate-search-orm-5.0.1.Final.jar:5.0.1.Final]
	at org.hibernate.search.batchindexing.impl.ErrorHandledRunnable.run(ErrorHandledRunnable.java:32) ~[hibernate-search-orm-5.0.1.Final.jar:5.0.1.Final]
	at org.hibernate.search.batchindexing.impl.MassIndexerImpl.startAndWait(MassIndexerImpl.java:199) ~[hibernate-search-orm-5.0.1.Final.jar:5.0.1.Final]
	at com.itacademy.jd2.yi.cms.dao.orm.impl.HibernateSearchInitializer.initIndex(HibernateSearchInitializer.java:25) ~[classes/:?]
	at sun.reflect.NativeMethodAccessorImpl.invoke0(Native Method) ~[?:1.8.0_201]
	at sun.reflect.NativeMethodAccessorImpl.invoke(Unknown Source) ~[?:1.8.0_201]
	at sun.reflect.DelegatingMethodAccessorImpl.invoke(Unknown Source) ~[?:1.8.0_201]
	at java.lang.reflect.Method.invoke(Unknown Source) ~[?:1.8.0_201]
	at org.springframework.beans.factory.annotation.InitDestroyAnnotationBeanPostProcessor$LifecycleElement.invoke(InitDestroyAnnotationBeanPostProcessor.java:363) ~[spring-beans-5.1.5.RELEASE.jar:5.1.5.RELEASE]
	at org.springframework.beans.factory.annotation.InitDestroyAnnotationBeanPostProcessor$LifecycleMetadata.invokeInitMethods(InitDestroyAnnotationBeanPostProcessor.java:307) ~[spring-beans-5.1.5.RELEASE.jar:5.1.5.RELEASE]
	at org.springframework.beans.factory.annotation.InitDestroyAnnotationBeanPostProcessor.postProcessBeforeInitialization(InitDestroyAnnotationBeanPostProcessor.java:136) ~[spring-beans-5.1.5.RELEASE.jar:5.1.5.RELEASE]
	at org.springframework.beans.factory.support.AbstractAutowireCapableBeanFactory.applyBeanPostProcessorsBeforeInitialization(AbstractAutowireCapableBeanFactory.java:414) ~[spring-beans-5.1.5.RELEASE.jar:5.1.5.RELEASE]
	at org.springframework.beans.factory.support.AbstractAutowireCapableBeanFactory.initializeBean(AbstractAutowireCapableBeanFactory.java:1754) ~[spring-beans-5.1.5.RELEASE.jar:5.1.5.RELEASE]
	at org.springframework.beans.factory.support.AbstractAutowireCapableBeanFactory.doCreateBean(AbstractAutowireCapableBeanFactory.java:593) ~[spring-beans-5.1.5.RELEASE.jar:5.1.5.RELEASE]
	at org.springframework.beans.factory.support.AbstractAutowireCapableBeanFactory.createBean(AbstractAutowireCapableBeanFactory.java:515) ~[spring-beans-5.1.5.RELEASE.jar:5.1.5.RELEASE]
	at org.springframework.beans.factory.support.AbstractBeanFactory.lambda$doGetBean$0(AbstractBeanFactory.java:320) ~[spring-beans-5.1.5.RELEASE.jar:5.1.5.RELEASE]
	at org.springframework.beans.factory.support.DefaultSingletonBeanRegistry.getSingleton(DefaultSingletonBeanRegistry.java:222) ~[spring-beans-5.1.5.RELEASE.jar:5.1.5.RELEASE]
	at org.springframework.beans.factory.support.AbstractBeanFactory.doGetBean(AbstractBeanFactory.java:318) ~[spring-beans-5.1.5.RELEASE.jar:5.1.5.RELEASE]
	at org.springframework.beans.factory.support.AbstractBeanFactory.getBean(AbstractBeanFactory.java:199) ~[spring-beans-5.1.5.RELEASE.jar:5.1.5.RELEASE]
	at org.springframework.beans.factory.support.DefaultListableBeanFactory.preInstantiateSingletons(DefaultListableBeanFactory.java:849) ~[spring-beans-5.1.5.RELEASE.jar:5.1.5.RELEASE]
	at org.springframework.context.support.AbstractApplicationContext.finishBeanFactoryInitialization(AbstractApplicationContext.java:877) ~[spring-context-5.1.5.RELEASE.jar:5.1.5.RELEASE]
	at org.springframework.context.support.AbstractApplicationContext.refresh(AbstractApplicationContext.java:549) ~[spring-context-5.1.5.RELEASE.jar:5.1.5.RELEASE]
	at org.springframework.test.context.support.AbstractGenericContextLoader.loadContext(AbstractGenericContextLoader.java:128) ~[spring-test-5.1.5.RELEASE.jar:5.1.5.RELEASE]
	at org.springframework.test.context.support.AbstractGenericContextLoader.loadContext(AbstractGenericContextLoader.java:60) ~[spring-test-5.1.5.RELEASE.jar:5.1.5.RELEASE]
	at org.springframework.test.context.support.AbstractDelegatingSmartContextLoader.delegateLoading(AbstractDelegatingSmartContextLoader.java:275) ~[spring-test-5.1.5.RELEASE.jar:5.1.5.RELEASE]
	at org.springframework.test.context.support.AbstractDelegatingSmartContextLoader.loadContext(AbstractDelegatingSmartContextLoader.java:243) ~[spring-test-5.1.5.RELEASE.jar:5.1.5.RELEASE]
	at org.springframework.test.context.cache.DefaultCacheAwareContextLoaderDelegate.loadContextInternal(DefaultCacheAwareContextLoaderDelegate.java:99) ~[spring-test-5.1.5.RELEASE.jar:5.1.5.RELEASE]
	at org.springframework.test.context.cache.DefaultCacheAwareContextLoaderDelegate.loadContext(DefaultCacheAwareContextLoaderDelegate.java:117) ~[spring-test-5.1.5.RELEASE.jar:5.1.5.RELEASE]
	at org.springframework.test.context.support.DefaultTestContext.getApplicationContext(DefaultTestContext.java:108) ~[spring-test-5.1.5.RELEASE.jar:5.1.5.RELEASE]
	at org.springframework.test.context.support.DependencyInjectionTestExecutionListener.injectDependencies(DependencyInjectionTestExecutionListener.java:118) ~[spring-test-5.1.5.RELEASE.jar:5.1.5.RELEASE]
	at org.springframework.test.context.support.DependencyInjectionTestExecutionListener.prepareTestInstance(DependencyInjectionTestExecutionListener.java:83) ~[spring-test-5.1.5.RELEASE.jar:5.1.5.RELEASE]
	at org.springframework.test.context.TestContextManager.prepareTestInstance(TestContextManager.java:246) ~[spring-test-5.1.5.RELEASE.jar:5.1.5.RELEASE]
	at org.springframework.test.context.junit.jupiter.SpringExtension.postProcessTestInstance(SpringExtension.java:97) ~[spring-test-5.1.5.RELEASE.jar:5.1.5.RELEASE]
	at org.junit.jupiter.engine.descriptor.ClassTestDescriptor.lambda$invokeTestInstancePostProcessors$6(ClassTestDescriptor.java:352) ~[junit-jupiter-engine-5.4.0.jar:5.4.0]
	at org.junit.jupiter.engine.descriptor.JupiterTestDescriptor.executeAndMaskThrowable(JupiterTestDescriptor.java:204) ~[junit-jupiter-engine-5.4.0.jar:5.4.0]
	at org.junit.jupiter.engine.descriptor.ClassTestDescriptor.lambda$invokeTestInstancePostProcessors$7(ClassTestDescriptor.java:352) ~[junit-jupiter-engine-5.4.0.jar:5.4.0]
	at java.util.stream.ReferencePipeline$3$1.accept(Unknown Source) ~[?:1.8.0_201]
	at java.util.stream.ReferencePipeline$2$1.accept(Unknown Source) ~[?:1.8.0_201]
	at java.util.ArrayList$ArrayListSpliterator.forEachRemaining(Unknown Source) ~[?:1.8.0_201]
	at java.util.stream.AbstractPipeline.copyInto(Unknown Source) ~[?:1.8.0_201]
	at java.util.stream.AbstractPipeline.wrapAndCopyInto(Unknown Source) ~[?:1.8.0_201]
	at java.util.stream.StreamSpliterators$WrappingSpliterator.forEachRemaining(Unknown Source) ~[?:1.8.0_201]
	at java.util.stream.Streams$ConcatSpliterator.forEachRemaining(Unknown Source) ~[?:1.8.0_201]
	at java.util.stream.Streams$ConcatSpliterator.forEachRemaining(Unknown Source) ~[?:1.8.0_201]
	at java.util.stream.ReferencePipeline$Head.forEach(Unknown Source) ~[?:1.8.0_201]
	at org.junit.jupiter.engine.descriptor.ClassTestDescriptor.invokeTestInstancePostProcessors(ClassTestDescriptor.java:351) ~[junit-jupiter-engine-5.4.0.jar:5.4.0]
	at org.junit.jupiter.engine.descriptor.ClassTestDescriptor.instantiateAndPostProcessTestInstance(ClassTestDescriptor.java:270) ~[junit-jupiter-engine-5.4.0.jar:5.4.0]
	at org.junit.jupiter.engine.descriptor.ClassTestDescriptor.lambda$testInstancesProvider$2(ClassTestDescriptor.java:259) ~[junit-jupiter-engine-5.4.0.jar:5.4.0]
	at org.junit.jupiter.engine.descriptor.ClassTestDescriptor.lambda$testInstancesProvider$3(ClassTestDescriptor.java:263) ~[junit-jupiter-engine-5.4.0.jar:5.4.0]
	at java.util.Optional.orElseGet(Unknown Source) ~[?:1.8.0_201]
	at org.junit.jupiter.engine.descriptor.ClassTestDescriptor.lambda$testInstancesProvider$4(ClassTestDescriptor.java:262) ~[junit-jupiter-engine-5.4.0.jar:5.4.0]
	at org.junit.jupiter.engine.descriptor.TestMethodTestDescriptor.lambda$prepare$0(TestMethodTestDescriptor.java:98) ~[junit-jupiter-engine-5.4.0.jar:5.4.0]
	at org.junit.platform.engine.support.hierarchical.ThrowableCollector.execute(ThrowableCollector.java:73) ~[junit-platform-engine-1.4.0.jar:1.4.0]
	at org.junit.jupiter.engine.descriptor.TestMethodTestDescriptor.prepare(TestMethodTestDescriptor.java:97) ~[junit-jupiter-engine-5.4.0.jar:5.4.0]
	at org.junit.jupiter.engine.descriptor.TestMethodTestDescriptor.prepare(TestMethodTestDescriptor.java:68) ~[junit-jupiter-engine-5.4.0.jar:5.4.0]
	at org.junit.platform.engine.support.hierarchical.NodeTestTask.lambda$prepare$1(NodeTestTask.java:107) ~[junit-platform-engine-1.4.0.jar:1.4.0]
	at org.junit.platform.engine.support.hierarchical.ThrowableCollector.execute(ThrowableCollector.java:73) ~[junit-platform-engine-1.4.0.jar:1.4.0]
	at org.junit.platform.engine.support.hierarchical.NodeTestTask.prepare(NodeTestTask.java:107) ~[junit-platform-engine-1.4.0.jar:1.4.0]
	at org.junit.platform.engine.support.hierarchical.NodeTestTask.execute(NodeTestTask.java:75) ~[junit-platform-engine-1.4.0.jar:1.4.0]
	at java.util.ArrayList.forEach(Unknown Source) ~[?:1.8.0_201]
	at org.junit.platform.engine.support.hierarchical.SameThreadHierarchicalTestExecutorService.invokeAll(SameThreadHierarchicalTestExecutorService.java:38) ~[junit-platform-engine-1.4.0.jar:1.4.0]
	at org.junit.platform.engine.support.hierarchical.NodeTestTask.lambda$executeRecursively$5(NodeTestTask.java:139) ~[junit-platform-engine-1.4.0.jar:1.4.0]
	at org.junit.platform.engine.support.hierarchical.ThrowableCollector.execute(ThrowableCollector.java:73) ~[junit-platform-engine-1.4.0.jar:1.4.0]
	at org.junit.platform.engine.support.hierarchical.NodeTestTask.lambda$executeRecursively$7(NodeTestTask.java:125) ~[junit-platform-engine-1.4.0.jar:1.4.0]
	at org.junit.platform.engine.support.hierarchical.Node.around(Node.java:135) ~[junit-platform-engine-1.4.0.jar:1.4.0]
	at org.junit.platform.engine.support.hierarchical.NodeTestTask.lambda$executeRecursively$8(NodeTestTask.java:123) ~[junit-platform-engine-1.4.0.jar:1.4.0]
	at org.junit.platform.engine.support.hierarchical.ThrowableCollector.execute(ThrowableCollector.java:73) ~[junit-platform-engine-1.4.0.jar:1.4.0]
	at org.junit.platform.engine.support.hierarchical.NodeTestTask.executeRecursively(NodeTestTask.java:122) ~[junit-platform-engine-1.4.0.jar:1.4.0]
	at org.junit.platform.engine.support.hierarchical.NodeTestTask.execute(NodeTestTask.java:80) ~[junit-platform-engine-1.4.0.jar:1.4.0]
	at java.util.ArrayList.forEach(Unknown Source) ~[?:1.8.0_201]
	at org.junit.platform.engine.support.hierarchical.SameThreadHierarchicalTestExecutorService.invokeAll(SameThreadHierarchicalTestExecutorService.java:38) ~[junit-platform-engine-1.4.0.jar:1.4.0]
	at org.junit.platform.engine.support.hierarchical.NodeTestTask.lambda$executeRecursively$5(NodeTestTask.java:139) ~[junit-platform-engine-1.4.0.jar:1.4.0]
	at org.junit.platform.engine.support.hierarchical.ThrowableCollector.execute(ThrowableCollector.java:73) ~[junit-platform-engine-1.4.0.jar:1.4.0]
	at org.junit.platform.engine.support.hierarchical.NodeTestTask.lambda$executeRecursively$7(NodeTestTask.java:125) ~[junit-platform-engine-1.4.0.jar:1.4.0]
	at org.junit.platform.engine.support.hierarchical.Node.around(Node.java:135) ~[junit-platform-engine-1.4.0.jar:1.4.0]
	at org.junit.platform.engine.support.hierarchical.NodeTestTask.lambda$executeRecursively$8(NodeTestTask.java:123) ~[junit-platform-engine-1.4.0.jar:1.4.0]
	at org.junit.platform.engine.support.hierarchical.ThrowableCollector.execute(ThrowableCollector.java:73) ~[junit-platform-engine-1.4.0.jar:1.4.0]
	at org.junit.platform.engine.support.hierarchical.NodeTestTask.executeRecursively(NodeTestTask.java:122) ~[junit-platform-engine-1.4.0.jar:1.4.0]
	at org.junit.platform.engine.support.hierarchical.NodeTestTask.execute(NodeTestTask.java:80) ~[junit-platform-engine-1.4.0.jar:1.4.0]
	at org.junit.platform.engine.support.hierarchical.SameThreadHierarchicalTestExecutorService.submit(SameThreadHierarchicalTestExecutorService.java:32) ~[junit-platform-engine-1.4.0.jar:1.4.0]
	at org.junit.platform.engine.support.hierarchical.HierarchicalTestExecutor.execute(HierarchicalTestExecutor.java:57) ~[junit-platform-engine-1.4.0.jar:1.4.0]
	at org.junit.platform.engine.support.hierarchical.HierarchicalTestEngine.execute(HierarchicalTestEngine.java:51) ~[junit-platform-engine-1.4.0.jar:1.4.0]
	at org.junit.platform.launcher.core.DefaultLauncher.execute(DefaultLauncher.java:220) ~[.cp/:?]
	at org.junit.platform.launcher.core.DefaultLauncher.lambda$execute$6(DefaultLauncher.java:188) ~[.cp/:?]
	at org.junit.platform.launcher.core.DefaultLauncher.withInterceptedStreams(DefaultLauncher.java:202) [.cp/:?]
	at org.junit.platform.launcher.core.DefaultLauncher.execute(DefaultLauncher.java:181) [.cp/:?]
	at org.junit.platform.launcher.core.DefaultLauncher.execute(DefaultLauncher.java:128) [.cp/:?]
	at org.eclipse.jdt.internal.junit5.runner.JUnit5TestReference.run(JUnit5TestReference.java:89) [.cp/:?]
	at org.eclipse.jdt.internal.junit.runner.TestExecution.run(TestExecution.java:41) [.cp/:?]
	at org.eclipse.jdt.internal.junit.runner.RemoteTestRunner.runTests(RemoteTestRunner.java:541) [.cp/:?]
	at org.eclipse.jdt.internal.junit.runner.RemoteTestRunner.runTests(RemoteTestRunner.java:763) [.cp/:?]
	at org.eclipse.jdt.internal.junit.runner.RemoteTestRunner.run(RemoteTestRunner.java:463) [.cp/:?]
	at org.eclipse.jdt.internal.junit.runner.RemoteTestRunner.main(RemoteTestRunner.java:209) [.cp/:?]
20:31:12.509 [main] ERROR org.hibernate.search.backend.impl.lucene.LuceneBackendTaskStreamer - HSEARCH000072: Couldn't open the IndexWriter because of previous error: operation skipped, index ouf of sync!
20:31:12.688 [Hibernate Search: identifierloader-1] INFO  org.hibernate.search.batchindexing.impl.SimpleIndexingProgressMonitor - HSEARCH000027: Going to reindex 0 entities
20:31:13.703 [main] ERROR org.hibernate.search.exception.impl.LogErrorHandler - HSEARCH000058: HSEARCH000117: IOException on the IndexWriter
org.apache.lucene.store.LockObtainFailedException: Lock obtain timed out: NativeFSLock@\var\lucene\indexes\com.itacademy.jd2.yi.cms.dao.orm.impl.entity.Page\write.lock
	at org.apache.lucene.store.Lock.obtain(Lock.java:89) ~[lucene-core-4.10.3.jar:4.10.3 1644336 - mark - 2014-12-10 00:28:00]
	at org.apache.lucene.index.IndexWriter.<init>(IndexWriter.java:753) ~[lucene-core-4.10.3.jar:4.10.3 1644336 - mark - 2014-12-10 00:28:00]
	at org.hibernate.search.backend.impl.lucene.IndexWriterHolder.createNewIndexWriter(IndexWriterHolder.java:131) ~[hibernate-search-engine-5.0.1.Final.jar:5.0.1.Final]
	at org.hibernate.search.backend.impl.lucene.IndexWriterHolder.getIndexWriter(IndexWriterHolder.java:97) ~[hibernate-search-engine-5.0.1.Final.jar:5.0.1.Final]
	at org.hibernate.search.backend.impl.lucene.IndexWriterHolder.getIndexWriter(IndexWriterHolder.java:116) ~[hibernate-search-engine-5.0.1.Final.jar:5.0.1.Final]
	at org.hibernate.search.backend.impl.lucene.AbstractWorkspaceImpl.getIndexWriter(AbstractWorkspaceImpl.java:101) ~[hibernate-search-engine-5.0.1.Final.jar:5.0.1.Final]
	at org.hibernate.search.backend.impl.lucene.LuceneBackendTaskStreamer.doWork(LuceneBackendTaskStreamer.java:45) ~[hibernate-search-engine-5.0.1.Final.jar:5.0.1.Final]
	at org.hibernate.search.backend.impl.lucene.LuceneBackendQueueProcessor.applyStreamWork(LuceneBackendQueueProcessor.java:76) ~[hibernate-search-engine-5.0.1.Final.jar:5.0.1.Final]
	at org.hibernate.search.indexes.spi.DirectoryBasedIndexManager.performStreamOperation(DirectoryBasedIndexManager.java:106) ~[hibernate-search-engine-5.0.1.Final.jar:5.0.1.Final]
	at org.hibernate.search.backend.impl.batch.DefaultBatchBackend.optimize(DefaultBatchBackend.java:81) ~[hibernate-search-engine-5.0.1.Final.jar:5.0.1.Final]
	at org.hibernate.search.batchindexing.impl.BatchCoordinator.afterBatch(BatchCoordinator.java:124) ~[hibernate-search-orm-5.0.1.Final.jar:5.0.1.Final]
	at org.hibernate.search.batchindexing.impl.BatchCoordinator.runWithErrorHandler(BatchCoordinator.java:83) ~[hibernate-search-orm-5.0.1.Final.jar:5.0.1.Final]
	at org.hibernate.search.batchindexing.impl.ErrorHandledRunnable.run(ErrorHandledRunnable.java:32) ~[hibernate-search-orm-5.0.1.Final.jar:5.0.1.Final]
	at org.hibernate.search.batchindexing.impl.MassIndexerImpl.startAndWait(MassIndexerImpl.java:199) ~[hibernate-search-orm-5.0.1.Final.jar:5.0.1.Final]
	at com.itacademy.jd2.yi.cms.dao.orm.impl.HibernateSearchInitializer.initIndex(HibernateSearchInitializer.java:25) ~[classes/:?]
	at sun.reflect.NativeMethodAccessorImpl.invoke0(Native Method) ~[?:1.8.0_201]
	at sun.reflect.NativeMethodAccessorImpl.invoke(Unknown Source) ~[?:1.8.0_201]
	at sun.reflect.DelegatingMethodAccessorImpl.invoke(Unknown Source) ~[?:1.8.0_201]
	at java.lang.reflect.Method.invoke(Unknown Source) ~[?:1.8.0_201]
	at org.springframework.beans.factory.annotation.InitDestroyAnnotationBeanPostProcessor$LifecycleElement.invoke(InitDestroyAnnotationBeanPostProcessor.java:363) ~[spring-beans-5.1.5.RELEASE.jar:5.1.5.RELEASE]
	at org.springframework.beans.factory.annotation.InitDestroyAnnotationBeanPostProcessor$LifecycleMetadata.invokeInitMethods(InitDestroyAnnotationBeanPostProcessor.java:307) ~[spring-beans-5.1.5.RELEASE.jar:5.1.5.RELEASE]
	at org.springframework.beans.factory.annotation.InitDestroyAnnotationBeanPostProcessor.postProcessBeforeInitialization(InitDestroyAnnotationBeanPostProcessor.java:136) ~[spring-beans-5.1.5.RELEASE.jar:5.1.5.RELEASE]
	at org.springframework.beans.factory.support.AbstractAutowireCapableBeanFactory.applyBeanPostProcessorsBeforeInitialization(AbstractAutowireCapableBeanFactory.java:414) ~[spring-beans-5.1.5.RELEASE.jar:5.1.5.RELEASE]
	at org.springframework.beans.factory.support.AbstractAutowireCapableBeanFactory.initializeBean(AbstractAutowireCapableBeanFactory.java:1754) ~[spring-beans-5.1.5.RELEASE.jar:5.1.5.RELEASE]
	at org.springframework.beans.factory.support.AbstractAutowireCapableBeanFactory.doCreateBean(AbstractAutowireCapableBeanFactory.java:593) ~[spring-beans-5.1.5.RELEASE.jar:5.1.5.RELEASE]
	at org.springframework.beans.factory.support.AbstractAutowireCapableBeanFactory.createBean(AbstractAutowireCapableBeanFactory.java:515) ~[spring-beans-5.1.5.RELEASE.jar:5.1.5.RELEASE]
	at org.springframework.beans.factory.support.AbstractBeanFactory.lambda$doGetBean$0(AbstractBeanFactory.java:320) ~[spring-beans-5.1.5.RELEASE.jar:5.1.5.RELEASE]
	at org.springframework.beans.factory.support.DefaultSingletonBeanRegistry.getSingleton(DefaultSingletonBeanRegistry.java:222) ~[spring-beans-5.1.5.RELEASE.jar:5.1.5.RELEASE]
	at org.springframework.beans.factory.support.AbstractBeanFactory.doGetBean(AbstractBeanFactory.java:318) ~[spring-beans-5.1.5.RELEASE.jar:5.1.5.RELEASE]
	at org.springframework.beans.factory.support.AbstractBeanFactory.getBean(AbstractBeanFactory.java:199) ~[spring-beans-5.1.5.RELEASE.jar:5.1.5.RELEASE]
	at org.springframework.beans.factory.support.DefaultListableBeanFactory.preInstantiateSingletons(DefaultListableBeanFactory.java:849) ~[spring-beans-5.1.5.RELEASE.jar:5.1.5.RELEASE]
	at org.springframework.context.support.AbstractApplicationContext.finishBeanFactoryInitialization(AbstractApplicationContext.java:877) ~[spring-context-5.1.5.RELEASE.jar:5.1.5.RELEASE]
	at org.springframework.context.support.AbstractApplicationContext.refresh(AbstractApplicationContext.java:549) ~[spring-context-5.1.5.RELEASE.jar:5.1.5.RELEASE]
	at org.springframework.test.context.support.AbstractGenericContextLoader.loadContext(AbstractGenericContextLoader.java:128) ~[spring-test-5.1.5.RELEASE.jar:5.1.5.RELEASE]
	at org.springframework.test.context.support.AbstractGenericContextLoader.loadContext(AbstractGenericContextLoader.java:60) ~[spring-test-5.1.5.RELEASE.jar:5.1.5.RELEASE]
	at org.springframework.test.context.support.AbstractDelegatingSmartContextLoader.delegateLoading(AbstractDelegatingSmartContextLoader.java:275) ~[spring-test-5.1.5.RELEASE.jar:5.1.5.RELEASE]
	at org.springframework.test.context.support.AbstractDelegatingSmartContextLoader.loadContext(AbstractDelegatingSmartContextLoader.java:243) ~[spring-test-5.1.5.RELEASE.jar:5.1.5.RELEASE]
	at org.springframework.test.context.cache.DefaultCacheAwareContextLoaderDelegate.loadContextInternal(DefaultCacheAwareContextLoaderDelegate.java:99) ~[spring-test-5.1.5.RELEASE.jar:5.1.5.RELEASE]
	at org.springframework.test.context.cache.DefaultCacheAwareContextLoaderDelegate.loadContext(DefaultCacheAwareContextLoaderDelegate.java:117) ~[spring-test-5.1.5.RELEASE.jar:5.1.5.RELEASE]
	at org.springframework.test.context.support.DefaultTestContext.getApplicationContext(DefaultTestContext.java:108) ~[spring-test-5.1.5.RELEASE.jar:5.1.5.RELEASE]
	at org.springframework.test.context.support.DependencyInjectionTestExecutionListener.injectDependencies(DependencyInjectionTestExecutionListener.java:118) ~[spring-test-5.1.5.RELEASE.jar:5.1.5.RELEASE]
	at org.springframework.test.context.support.DependencyInjectionTestExecutionListener.prepareTestInstance(DependencyInjectionTestExecutionListener.java:83) ~[spring-test-5.1.5.RELEASE.jar:5.1.5.RELEASE]
	at org.springframework.test.context.TestContextManager.prepareTestInstance(TestContextManager.java:246) ~[spring-test-5.1.5.RELEASE.jar:5.1.5.RELEASE]
	at org.springframework.test.context.junit.jupiter.SpringExtension.postProcessTestInstance(SpringExtension.java:97) ~[spring-test-5.1.5.RELEASE.jar:5.1.5.RELEASE]
	at org.junit.jupiter.engine.descriptor.ClassTestDescriptor.lambda$invokeTestInstancePostProcessors$6(ClassTestDescriptor.java:352) ~[junit-jupiter-engine-5.4.0.jar:5.4.0]
	at org.junit.jupiter.engine.descriptor.JupiterTestDescriptor.executeAndMaskThrowable(JupiterTestDescriptor.java:204) ~[junit-jupiter-engine-5.4.0.jar:5.4.0]
	at org.junit.jupiter.engine.descriptor.ClassTestDescriptor.lambda$invokeTestInstancePostProcessors$7(ClassTestDescriptor.java:352) ~[junit-jupiter-engine-5.4.0.jar:5.4.0]
	at java.util.stream.ReferencePipeline$3$1.accept(Unknown Source) ~[?:1.8.0_201]
	at java.util.stream.ReferencePipeline$2$1.accept(Unknown Source) ~[?:1.8.0_201]
	at java.util.ArrayList$ArrayListSpliterator.forEachRemaining(Unknown Source) ~[?:1.8.0_201]
	at java.util.stream.AbstractPipeline.copyInto(Unknown Source) ~[?:1.8.0_201]
	at java.util.stream.AbstractPipeline.wrapAndCopyInto(Unknown Source) ~[?:1.8.0_201]
	at java.util.stream.StreamSpliterators$WrappingSpliterator.forEachRemaining(Unknown Source) ~[?:1.8.0_201]
	at java.util.stream.Streams$ConcatSpliterator.forEachRemaining(Unknown Source) ~[?:1.8.0_201]
	at java.util.stream.Streams$ConcatSpliterator.forEachRemaining(Unknown Source) ~[?:1.8.0_201]
	at java.util.stream.ReferencePipeline$Head.forEach(Unknown Source) ~[?:1.8.0_201]
	at org.junit.jupiter.engine.descriptor.ClassTestDescriptor.invokeTestInstancePostProcessors(ClassTestDescriptor.java:351) ~[junit-jupiter-engine-5.4.0.jar:5.4.0]
	at org.junit.jupiter.engine.descriptor.ClassTestDescriptor.instantiateAndPostProcessTestInstance(ClassTestDescriptor.java:270) ~[junit-jupiter-engine-5.4.0.jar:5.4.0]
	at org.junit.jupiter.engine.descriptor.ClassTestDescriptor.lambda$testInstancesProvider$2(ClassTestDescriptor.java:259) ~[junit-jupiter-engine-5.4.0.jar:5.4.0]
	at org.junit.jupiter.engine.descriptor.ClassTestDescriptor.lambda$testInstancesProvider$3(ClassTestDescriptor.java:263) ~[junit-jupiter-engine-5.4.0.jar:5.4.0]
	at java.util.Optional.orElseGet(Unknown Source) ~[?:1.8.0_201]
	at org.junit.jupiter.engine.descriptor.ClassTestDescriptor.lambda$testInstancesProvider$4(ClassTestDescriptor.java:262) ~[junit-jupiter-engine-5.4.0.jar:5.4.0]
	at org.junit.jupiter.engine.descriptor.TestMethodTestDescriptor.lambda$prepare$0(TestMethodTestDescriptor.java:98) ~[junit-jupiter-engine-5.4.0.jar:5.4.0]
	at org.junit.platform.engine.support.hierarchical.ThrowableCollector.execute(ThrowableCollector.java:73) ~[junit-platform-engine-1.4.0.jar:1.4.0]
	at org.junit.jupiter.engine.descriptor.TestMethodTestDescriptor.prepare(TestMethodTestDescriptor.java:97) ~[junit-jupiter-engine-5.4.0.jar:5.4.0]
	at org.junit.jupiter.engine.descriptor.TestMethodTestDescriptor.prepare(TestMethodTestDescriptor.java:68) ~[junit-jupiter-engine-5.4.0.jar:5.4.0]
	at org.junit.platform.engine.support.hierarchical.NodeTestTask.lambda$prepare$1(NodeTestTask.java:107) ~[junit-platform-engine-1.4.0.jar:1.4.0]
	at org.junit.platform.engine.support.hierarchical.ThrowableCollector.execute(ThrowableCollector.java:73) ~[junit-platform-engine-1.4.0.jar:1.4.0]
	at org.junit.platform.engine.support.hierarchical.NodeTestTask.prepare(NodeTestTask.java:107) ~[junit-platform-engine-1.4.0.jar:1.4.0]
	at org.junit.platform.engine.support.hierarchical.NodeTestTask.execute(NodeTestTask.java:75) ~[junit-platform-engine-1.4.0.jar:1.4.0]
	at java.util.ArrayList.forEach(Unknown Source) ~[?:1.8.0_201]
	at org.junit.platform.engine.support.hierarchical.SameThreadHierarchicalTestExecutorService.invokeAll(SameThreadHierarchicalTestExecutorService.java:38) ~[junit-platform-engine-1.4.0.jar:1.4.0]
	at org.junit.platform.engine.support.hierarchical.NodeTestTask.lambda$executeRecursively$5(NodeTestTask.java:139) ~[junit-platform-engine-1.4.0.jar:1.4.0]
	at org.junit.platform.engine.support.hierarchical.ThrowableCollector.execute(ThrowableCollector.java:73) ~[junit-platform-engine-1.4.0.jar:1.4.0]
	at org.junit.platform.engine.support.hierarchical.NodeTestTask.lambda$executeRecursively$7(NodeTestTask.java:125) ~[junit-platform-engine-1.4.0.jar:1.4.0]
	at org.junit.platform.engine.support.hierarchical.Node.around(Node.java:135) ~[junit-platform-engine-1.4.0.jar:1.4.0]
	at org.junit.platform.engine.support.hierarchical.NodeTestTask.lambda$executeRecursively$8(NodeTestTask.java:123) ~[junit-platform-engine-1.4.0.jar:1.4.0]
	at org.junit.platform.engine.support.hierarchical.ThrowableCollector.execute(ThrowableCollector.java:73) ~[junit-platform-engine-1.4.0.jar:1.4.0]
	at org.junit.platform.engine.support.hierarchical.NodeTestTask.executeRecursively(NodeTestTask.java:122) ~[junit-platform-engine-1.4.0.jar:1.4.0]
	at org.junit.platform.engine.support.hierarchical.NodeTestTask.execute(NodeTestTask.java:80) ~[junit-platform-engine-1.4.0.jar:1.4.0]
	at java.util.ArrayList.forEach(Unknown Source) ~[?:1.8.0_201]
	at org.junit.platform.engine.support.hierarchical.SameThreadHierarchicalTestExecutorService.invokeAll(SameThreadHierarchicalTestExecutorService.java:38) ~[junit-platform-engine-1.4.0.jar:1.4.0]
	at org.junit.platform.engine.support.hierarchical.NodeTestTask.lambda$executeRecursively$5(NodeTestTask.java:139) ~[junit-platform-engine-1.4.0.jar:1.4.0]
	at org.junit.platform.engine.support.hierarchical.ThrowableCollector.execute(ThrowableCollector.java:73) ~[junit-platform-engine-1.4.0.jar:1.4.0]
	at org.junit.platform.engine.support.hierarchical.NodeTestTask.lambda$executeRecursively$7(NodeTestTask.java:125) ~[junit-platform-engine-1.4.0.jar:1.4.0]
	at org.junit.platform.engine.support.hierarchical.Node.around(Node.java:135) ~[junit-platform-engine-1.4.0.jar:1.4.0]
	at org.junit.platform.engine.support.hierarchical.NodeTestTask.lambda$executeRecursively$8(NodeTestTask.java:123) ~[junit-platform-engine-1.4.0.jar:1.4.0]
	at org.junit.platform.engine.support.hierarchical.ThrowableCollector.execute(ThrowableCollector.java:73) ~[junit-platform-engine-1.4.0.jar:1.4.0]
	at org.junit.platform.engine.support.hierarchical.NodeTestTask.executeRecursively(NodeTestTask.java:122) ~[junit-platform-engine-1.4.0.jar:1.4.0]
	at org.junit.platform.engine.support.hierarchical.NodeTestTask.execute(NodeTestTask.java:80) ~[junit-platform-engine-1.4.0.jar:1.4.0]
	at org.junit.platform.engine.support.hierarchical.SameThreadHierarchicalTestExecutorService.submit(SameThreadHierarchicalTestExecutorService.java:32) ~[junit-platform-engine-1.4.0.jar:1.4.0]
	at org.junit.platform.engine.support.hierarchical.HierarchicalTestExecutor.execute(HierarchicalTestExecutor.java:57) ~[junit-platform-engine-1.4.0.jar:1.4.0]
	at org.junit.platform.engine.support.hierarchical.HierarchicalTestEngine.execute(HierarchicalTestEngine.java:51) ~[junit-platform-engine-1.4.0.jar:1.4.0]
	at org.junit.platform.launcher.core.DefaultLauncher.execute(DefaultLauncher.java:220) ~[.cp/:?]
	at org.junit.platform.launcher.core.DefaultLauncher.lambda$execute$6(DefaultLauncher.java:188) ~[.cp/:?]
	at org.junit.platform.launcher.core.DefaultLauncher.withInterceptedStreams(DefaultLauncher.java:202) [.cp/:?]
	at org.junit.platform.launcher.core.DefaultLauncher.execute(DefaultLauncher.java:181) [.cp/:?]
	at org.junit.platform.launcher.core.DefaultLauncher.execute(DefaultLauncher.java:128) [.cp/:?]
	at org.eclipse.jdt.internal.junit5.runner.JUnit5TestReference.run(JUnit5TestReference.java:89) [.cp/:?]
	at org.eclipse.jdt.internal.junit.runner.TestExecution.run(TestExecution.java:41) [.cp/:?]
	at org.eclipse.jdt.internal.junit.runner.RemoteTestRunner.runTests(RemoteTestRunner.java:541) [.cp/:?]
	at org.eclipse.jdt.internal.junit.runner.RemoteTestRunner.runTests(RemoteTestRunner.java:763) [.cp/:?]
	at org.eclipse.jdt.internal.junit.runner.RemoteTestRunner.run(RemoteTestRunner.java:463) [.cp/:?]
	at org.eclipse.jdt.internal.junit.runner.RemoteTestRunner.main(RemoteTestRunner.java:209) [.cp/:?]
20:31:13.708 [main] ERROR org.hibernate.search.backend.impl.lucene.LuceneBackendTaskStreamer - HSEARCH000072: Couldn't open the IndexWriter because of previous error: operation skipped, index ouf of sync!
20:31:14.718 [main] ERROR org.hibernate.search.exception.impl.LogErrorHandler - HSEARCH000058: HSEARCH000117: IOException on the IndexWriter
org.apache.lucene.store.LockObtainFailedException: Lock obtain timed out: NativeFSLock@\var\lucene\indexes\com.itacademy.jd2.yi.cms.dao.orm.impl.entity.Page\write.lock
	at org.apache.lucene.store.Lock.obtain(Lock.java:89) ~[lucene-core-4.10.3.jar:4.10.3 1644336 - mark - 2014-12-10 00:28:00]
	at org.apache.lucene.index.IndexWriter.<init>(IndexWriter.java:753) ~[lucene-core-4.10.3.jar:4.10.3 1644336 - mark - 2014-12-10 00:28:00]
	at org.hibernate.search.backend.impl.lucene.IndexWriterHolder.createNewIndexWriter(IndexWriterHolder.java:131) ~[hibernate-search-engine-5.0.1.Final.jar:5.0.1.Final]
	at org.hibernate.search.backend.impl.lucene.IndexWriterHolder.getIndexWriter(IndexWriterHolder.java:97) ~[hibernate-search-engine-5.0.1.Final.jar:5.0.1.Final]
	at org.hibernate.search.backend.impl.lucene.IndexWriterHolder.getIndexWriter(IndexWriterHolder.java:116) ~[hibernate-search-engine-5.0.1.Final.jar:5.0.1.Final]
	at org.hibernate.search.backend.impl.lucene.AbstractWorkspaceImpl.getIndexWriter(AbstractWorkspaceImpl.java:101) ~[hibernate-search-engine-5.0.1.Final.jar:5.0.1.Final]
	at org.hibernate.search.backend.impl.lucene.LuceneBackendTaskStreamer.doWork(LuceneBackendTaskStreamer.java:45) ~[hibernate-search-engine-5.0.1.Final.jar:5.0.1.Final]
	at org.hibernate.search.backend.impl.lucene.LuceneBackendQueueProcessor.applyStreamWork(LuceneBackendQueueProcessor.java:76) ~[hibernate-search-engine-5.0.1.Final.jar:5.0.1.Final]
	at org.hibernate.search.indexes.spi.DirectoryBasedIndexManager.performStreamOperation(DirectoryBasedIndexManager.java:106) ~[hibernate-search-engine-5.0.1.Final.jar:5.0.1.Final]
	at org.hibernate.search.backend.impl.batch.DefaultBatchBackend.flush(DefaultBatchBackend.java:73) ~[hibernate-search-engine-5.0.1.Final.jar:5.0.1.Final]
	at org.hibernate.search.batchindexing.impl.BatchCoordinator.afterBatch(BatchCoordinator.java:126) ~[hibernate-search-orm-5.0.1.Final.jar:5.0.1.Final]
	at org.hibernate.search.batchindexing.impl.BatchCoordinator.runWithErrorHandler(BatchCoordinator.java:83) ~[hibernate-search-orm-5.0.1.Final.jar:5.0.1.Final]
	at org.hibernate.search.batchindexing.impl.ErrorHandledRunnable.run(ErrorHandledRunnable.java:32) ~[hibernate-search-orm-5.0.1.Final.jar:5.0.1.Final]
	at org.hibernate.search.batchindexing.impl.MassIndexerImpl.startAndWait(MassIndexerImpl.java:199) ~[hibernate-search-orm-5.0.1.Final.jar:5.0.1.Final]
	at com.itacademy.jd2.yi.cms.dao.orm.impl.HibernateSearchInitializer.initIndex(HibernateSearchInitializer.java:25) ~[classes/:?]
	at sun.reflect.NativeMethodAccessorImpl.invoke0(Native Method) ~[?:1.8.0_201]
	at sun.reflect.NativeMethodAccessorImpl.invoke(Unknown Source) ~[?:1.8.0_201]
	at sun.reflect.DelegatingMethodAccessorImpl.invoke(Unknown Source) ~[?:1.8.0_201]
	at java.lang.reflect.Method.invoke(Unknown Source) ~[?:1.8.0_201]
	at org.springframework.beans.factory.annotation.InitDestroyAnnotationBeanPostProcessor$LifecycleElement.invoke(InitDestroyAnnotationBeanPostProcessor.java:363) ~[spring-beans-5.1.5.RELEASE.jar:5.1.5.RELEASE]
	at org.springframework.beans.factory.annotation.InitDestroyAnnotationBeanPostProcessor$LifecycleMetadata.invokeInitMethods(InitDestroyAnnotationBeanPostProcessor.java:307) ~[spring-beans-5.1.5.RELEASE.jar:5.1.5.RELEASE]
	at org.springframework.beans.factory.annotation.InitDestroyAnnotationBeanPostProcessor.postProcessBeforeInitialization(InitDestroyAnnotationBeanPostProcessor.java:136) ~[spring-beans-5.1.5.RELEASE.jar:5.1.5.RELEASE]
	at org.springframework.beans.factory.support.AbstractAutowireCapableBeanFactory.applyBeanPostProcessorsBeforeInitialization(AbstractAutowireCapableBeanFactory.java:414) ~[spring-beans-5.1.5.RELEASE.jar:5.1.5.RELEASE]
	at org.springframework.beans.factory.support.AbstractAutowireCapableBeanFactory.initializeBean(AbstractAutowireCapableBeanFactory.java:1754) ~[spring-beans-5.1.5.RELEASE.jar:5.1.5.RELEASE]
	at org.springframework.beans.factory.support.AbstractAutowireCapableBeanFactory.doCreateBean(AbstractAutowireCapableBeanFactory.java:593) ~[spring-beans-5.1.5.RELEASE.jar:5.1.5.RELEASE]
	at org.springframework.beans.factory.support.AbstractAutowireCapableBeanFactory.createBean(AbstractAutowireCapableBeanFactory.java:515) ~[spring-beans-5.1.5.RELEASE.jar:5.1.5.RELEASE]
	at org.springframework.beans.factory.support.AbstractBeanFactory.lambda$doGetBean$0(AbstractBeanFactory.java:320) ~[spring-beans-5.1.5.RELEASE.jar:5.1.5.RELEASE]
	at org.springframework.beans.factory.support.DefaultSingletonBeanRegistry.getSingleton(DefaultSingletonBeanRegistry.java:222) ~[spring-beans-5.1.5.RELEASE.jar:5.1.5.RELEASE]
	at org.springframework.beans.factory.support.AbstractBeanFactory.doGetBean(AbstractBeanFactory.java:318) ~[spring-beans-5.1.5.RELEASE.jar:5.1.5.RELEASE]
	at org.springframework.beans.factory.support.AbstractBeanFactory.getBean(AbstractBeanFactory.java:199) ~[spring-beans-5.1.5.RELEASE.jar:5.1.5.RELEASE]
	at org.springframework.beans.factory.support.DefaultListableBeanFactory.preInstantiateSingletons(DefaultListableBeanFactory.java:849) ~[spring-beans-5.1.5.RELEASE.jar:5.1.5.RELEASE]
	at org.springframework.context.support.AbstractApplicationContext.finishBeanFactoryInitialization(AbstractApplicationContext.java:877) ~[spring-context-5.1.5.RELEASE.jar:5.1.5.RELEASE]
	at org.springframework.context.support.AbstractApplicationContext.refresh(AbstractApplicationContext.java:549) ~[spring-context-5.1.5.RELEASE.jar:5.1.5.RELEASE]
	at org.springframework.test.context.support.AbstractGenericContextLoader.loadContext(AbstractGenericContextLoader.java:128) ~[spring-test-5.1.5.RELEASE.jar:5.1.5.RELEASE]
	at org.springframework.test.context.support.AbstractGenericContextLoader.loadContext(AbstractGenericContextLoader.java:60) ~[spring-test-5.1.5.RELEASE.jar:5.1.5.RELEASE]
	at org.springframework.test.context.support.AbstractDelegatingSmartContextLoader.delegateLoading(AbstractDelegatingSmartContextLoader.java:275) ~[spring-test-5.1.5.RELEASE.jar:5.1.5.RELEASE]
	at org.springframework.test.context.support.AbstractDelegatingSmartContextLoader.loadContext(AbstractDelegatingSmartContextLoader.java:243) ~[spring-test-5.1.5.RELEASE.jar:5.1.5.RELEASE]
	at org.springframework.test.context.cache.DefaultCacheAwareContextLoaderDelegate.loadContextInternal(DefaultCacheAwareContextLoaderDelegate.java:99) ~[spring-test-5.1.5.RELEASE.jar:5.1.5.RELEASE]
	at org.springframework.test.context.cache.DefaultCacheAwareContextLoaderDelegate.loadContext(DefaultCacheAwareContextLoaderDelegate.java:117) ~[spring-test-5.1.5.RELEASE.jar:5.1.5.RELEASE]
	at org.springframework.test.context.support.DefaultTestContext.getApplicationContext(DefaultTestContext.java:108) ~[spring-test-5.1.5.RELEASE.jar:5.1.5.RELEASE]
	at org.springframework.test.context.support.DependencyInjectionTestExecutionListener.injectDependencies(DependencyInjectionTestExecutionListener.java:118) ~[spring-test-5.1.5.RELEASE.jar:5.1.5.RELEASE]
	at org.springframework.test.context.support.DependencyInjectionTestExecutionListener.prepareTestInstance(DependencyInjectionTestExecutionListener.java:83) ~[spring-test-5.1.5.RELEASE.jar:5.1.5.RELEASE]
	at org.springframework.test.context.TestContextManager.prepareTestInstance(TestContextManager.java:246) ~[spring-test-5.1.5.RELEASE.jar:5.1.5.RELEASE]
	at org.springframework.test.context.junit.jupiter.SpringExtension.postProcessTestInstance(SpringExtension.java:97) ~[spring-test-5.1.5.RELEASE.jar:5.1.5.RELEASE]
	at org.junit.jupiter.engine.descriptor.ClassTestDescriptor.lambda$invokeTestInstancePostProcessors$6(ClassTestDescriptor.java:352) ~[junit-jupiter-engine-5.4.0.jar:5.4.0]
	at org.junit.jupiter.engine.descriptor.JupiterTestDescriptor.executeAndMaskThrowable(JupiterTestDescriptor.java:204) ~[junit-jupiter-engine-5.4.0.jar:5.4.0]
	at org.junit.jupiter.engine.descriptor.ClassTestDescriptor.lambda$invokeTestInstancePostProcessors$7(ClassTestDescriptor.java:352) ~[junit-jupiter-engine-5.4.0.jar:5.4.0]
	at java.util.stream.ReferencePipeline$3$1.accept(Unknown Source) ~[?:1.8.0_201]
	at java.util.stream.ReferencePipeline$2$1.accept(Unknown Source) ~[?:1.8.0_201]
	at java.util.ArrayList$ArrayListSpliterator.forEachRemaining(Unknown Source) ~[?:1.8.0_201]
	at java.util.stream.AbstractPipeline.copyInto(Unknown Source) ~[?:1.8.0_201]
	at java.util.stream.AbstractPipeline.wrapAndCopyInto(Unknown Source) ~[?:1.8.0_201]
	at java.util.stream.StreamSpliterators$WrappingSpliterator.forEachRemaining(Unknown Source) ~[?:1.8.0_201]
	at java.util.stream.Streams$ConcatSpliterator.forEachRemaining(Unknown Source) ~[?:1.8.0_201]
	at java.util.stream.Streams$ConcatSpliterator.forEachRemaining(Unknown Source) ~[?:1.8.0_201]
	at java.util.stream.ReferencePipeline$Head.forEach(Unknown Source) ~[?:1.8.0_201]
	at org.junit.jupiter.engine.descriptor.ClassTestDescriptor.invokeTestInstancePostProcessors(ClassTestDescriptor.java:351) ~[junit-jupiter-engine-5.4.0.jar:5.4.0]
	at org.junit.jupiter.engine.descriptor.ClassTestDescriptor.instantiateAndPostProcessTestInstance(ClassTestDescriptor.java:270) ~[junit-jupiter-engine-5.4.0.jar:5.4.0]
	at org.junit.jupiter.engine.descriptor.ClassTestDescriptor.lambda$testInstancesProvider$2(ClassTestDescriptor.java:259) ~[junit-jupiter-engine-5.4.0.jar:5.4.0]
	at org.junit.jupiter.engine.descriptor.ClassTestDescriptor.lambda$testInstancesProvider$3(ClassTestDescriptor.java:263) ~[junit-jupiter-engine-5.4.0.jar:5.4.0]
	at java.util.Optional.orElseGet(Unknown Source) ~[?:1.8.0_201]
	at org.junit.jupiter.engine.descriptor.ClassTestDescriptor.lambda$testInstancesProvider$4(ClassTestDescriptor.java:262) ~[junit-jupiter-engine-5.4.0.jar:5.4.0]
	at org.junit.jupiter.engine.descriptor.TestMethodTestDescriptor.lambda$prepare$0(TestMethodTestDescriptor.java:98) ~[junit-jupiter-engine-5.4.0.jar:5.4.0]
	at org.junit.platform.engine.support.hierarchical.ThrowableCollector.execute(ThrowableCollector.java:73) ~[junit-platform-engine-1.4.0.jar:1.4.0]
	at org.junit.jupiter.engine.descriptor.TestMethodTestDescriptor.prepare(TestMethodTestDescriptor.java:97) ~[junit-jupiter-engine-5.4.0.jar:5.4.0]
	at org.junit.jupiter.engine.descriptor.TestMethodTestDescriptor.prepare(TestMethodTestDescriptor.java:68) ~[junit-jupiter-engine-5.4.0.jar:5.4.0]
	at org.junit.platform.engine.support.hierarchical.NodeTestTask.lambda$prepare$1(NodeTestTask.java:107) ~[junit-platform-engine-1.4.0.jar:1.4.0]
	at org.junit.platform.engine.support.hierarchical.ThrowableCollector.execute(ThrowableCollector.java:73) ~[junit-platform-engine-1.4.0.jar:1.4.0]
	at org.junit.platform.engine.support.hierarchical.NodeTestTask.prepare(NodeTestTask.java:107) ~[junit-platform-engine-1.4.0.jar:1.4.0]
	at org.junit.platform.engine.support.hierarchical.NodeTestTask.execute(NodeTestTask.java:75) ~[junit-platform-engine-1.4.0.jar:1.4.0]
	at java.util.ArrayList.forEach(Unknown Source) ~[?:1.8.0_201]
	at org.junit.platform.engine.support.hierarchical.SameThreadHierarchicalTestExecutorService.invokeAll(SameThreadHierarchicalTestExecutorService.java:38) ~[junit-platform-engine-1.4.0.jar:1.4.0]
	at org.junit.platform.engine.support.hierarchical.NodeTestTask.lambda$executeRecursively$5(NodeTestTask.java:139) ~[junit-platform-engine-1.4.0.jar:1.4.0]
	at org.junit.platform.engine.support.hierarchical.ThrowableCollector.execute(ThrowableCollector.java:73) ~[junit-platform-engine-1.4.0.jar:1.4.0]
	at org.junit.platform.engine.support.hierarchical.NodeTestTask.lambda$executeRecursively$7(NodeTestTask.java:125) ~[junit-platform-engine-1.4.0.jar:1.4.0]
	at org.junit.platform.engine.support.hierarchical.Node.around(Node.java:135) ~[junit-platform-engine-1.4.0.jar:1.4.0]
	at org.junit.platform.engine.support.hierarchical.NodeTestTask.lambda$executeRecursively$8(NodeTestTask.java:123) ~[junit-platform-engine-1.4.0.jar:1.4.0]
	at org.junit.platform.engine.support.hierarchical.ThrowableCollector.execute(ThrowableCollector.java:73) ~[junit-platform-engine-1.4.0.jar:1.4.0]
	at org.junit.platform.engine.support.hierarchical.NodeTestTask.executeRecursively(NodeTestTask.java:122) ~[junit-platform-engine-1.4.0.jar:1.4.0]
	at org.junit.platform.engine.support.hierarchical.NodeTestTask.execute(NodeTestTask.java:80) ~[junit-platform-engine-1.4.0.jar:1.4.0]
	at java.util.ArrayList.forEach(Unknown Source) ~[?:1.8.0_201]
	at org.junit.platform.engine.support.hierarchical.SameThreadHierarchicalTestExecutorService.invokeAll(SameThreadHierarchicalTestExecutorService.java:38) ~[junit-platform-engine-1.4.0.jar:1.4.0]
	at org.junit.platform.engine.support.hierarchical.NodeTestTask.lambda$executeRecursively$5(NodeTestTask.java:139) ~[junit-platform-engine-1.4.0.jar:1.4.0]
	at org.junit.platform.engine.support.hierarchical.ThrowableCollector.execute(ThrowableCollector.java:73) ~[junit-platform-engine-1.4.0.jar:1.4.0]
	at org.junit.platform.engine.support.hierarchical.NodeTestTask.lambda$executeRecursively$7(NodeTestTask.java:125) ~[junit-platform-engine-1.4.0.jar:1.4.0]
	at org.junit.platform.engine.support.hierarchical.Node.around(Node.java:135) ~[junit-platform-engine-1.4.0.jar:1.4.0]
	at org.junit.platform.engine.support.hierarchical.NodeTestTask.lambda$executeRecursively$8(NodeTestTask.java:123) ~[junit-platform-engine-1.4.0.jar:1.4.0]
	at org.junit.platform.engine.support.hierarchical.ThrowableCollector.execute(ThrowableCollector.java:73) ~[junit-platform-engine-1.4.0.jar:1.4.0]
	at org.junit.platform.engine.support.hierarchical.NodeTestTask.executeRecursively(NodeTestTask.java:122) ~[junit-platform-engine-1.4.0.jar:1.4.0]
	at org.junit.platform.engine.support.hierarchical.NodeTestTask.execute(NodeTestTask.java:80) ~[junit-platform-engine-1.4.0.jar:1.4.0]
	at org.junit.platform.engine.support.hierarchical.SameThreadHierarchicalTestExecutorService.submit(SameThreadHierarchicalTestExecutorService.java:32) ~[junit-platform-engine-1.4.0.jar:1.4.0]
	at org.junit.platform.engine.support.hierarchical.HierarchicalTestExecutor.execute(HierarchicalTestExecutor.java:57) ~[junit-platform-engine-1.4.0.jar:1.4.0]
	at org.junit.platform.engine.support.hierarchical.HierarchicalTestEngine.execute(HierarchicalTestEngine.java:51) ~[junit-platform-engine-1.4.0.jar:1.4.0]
	at org.junit.platform.launcher.core.DefaultLauncher.execute(DefaultLauncher.java:220) ~[.cp/:?]
	at org.junit.platform.launcher.core.DefaultLauncher.lambda$execute$6(DefaultLauncher.java:188) ~[.cp/:?]
	at org.junit.platform.launcher.core.DefaultLauncher.withInterceptedStreams(DefaultLauncher.java:202) [.cp/:?]
	at org.junit.platform.launcher.core.DefaultLauncher.execute(DefaultLauncher.java:181) [.cp/:?]
	at org.junit.platform.launcher.core.DefaultLauncher.execute(DefaultLauncher.java:128) [.cp/:?]
	at org.eclipse.jdt.internal.junit5.runner.JUnit5TestReference.run(JUnit5TestReference.java:89) [.cp/:?]
	at org.eclipse.jdt.internal.junit.runner.TestExecution.run(TestExecution.java:41) [.cp/:?]
	at org.eclipse.jdt.internal.junit.runner.RemoteTestRunner.runTests(RemoteTestRunner.java:541) [.cp/:?]
	at org.eclipse.jdt.internal.junit.runner.RemoteTestRunner.runTests(RemoteTestRunner.java:763) [.cp/:?]
	at org.eclipse.jdt.internal.junit.runner.RemoteTestRunner.run(RemoteTestRunner.java:463) [.cp/:?]
	at org.eclipse.jdt.internal.junit.runner.RemoteTestRunner.main(RemoteTestRunner.java:209) [.cp/:?]
20:31:14.723 [main] ERROR org.hibernate.search.backend.impl.lucene.LuceneBackendTaskStreamer - HSEARCH000072: Couldn't open the IndexWriter because of previous error: operation skipped, index ouf of sync!
20:31:14.723 [main] INFO  org.hibernate.search.batchindexing.impl.SimpleIndexingProgressMonitor - HSEARCH000028: Reindexed 0 entities
20:31:14.723 [main] INFO  com.itacademy.jd2.yi.cms.dao.orm.impl.HibernateSearchInitializer - index intialization completed.
20:31:16.014 [Hibernate Search sync consumer thread for index com.itacademy.jd2.yi.cms.dao.orm.impl.entity.Page] ERROR org.hibernate.search.exception.impl.LogErrorHandler - HSEARCH000058: Exception occurred org.apache.lucene.store.LockObtainFailedException: Lock obtain timed out: NativeFSLock@\var\lucene\indexes\com.itacademy.jd2.yi.cms.dao.orm.impl.entity.Page\write.lock
Primary Failure:
	Entity com.itacademy.jd2.yi.cms.dao.orm.impl.entity.Page  Id 3  Work Type  org.hibernate.search.backend.AddLuceneWork

org.apache.lucene.store.LockObtainFailedException: Lock obtain timed out: NativeFSLock@\var\lucene\indexes\com.itacademy.jd2.yi.cms.dao.orm.impl.entity.Page\write.lock
	at org.apache.lucene.store.Lock.obtain(Lock.java:89) ~[lucene-core-4.10.3.jar:4.10.3 1644336 - mark - 2014-12-10 00:28:00]
	at org.apache.lucene.index.IndexWriter.<init>(IndexWriter.java:753) ~[lucene-core-4.10.3.jar:4.10.3 1644336 - mark - 2014-12-10 00:28:00]
	at org.hibernate.search.backend.impl.lucene.IndexWriterHolder.createNewIndexWriter(IndexWriterHolder.java:131) [hibernate-search-engine-5.0.1.Final.jar:5.0.1.Final]
	at org.hibernate.search.backend.impl.lucene.IndexWriterHolder.getIndexWriter(IndexWriterHolder.java:97) [hibernate-search-engine-5.0.1.Final.jar:5.0.1.Final]
	at org.hibernate.search.backend.impl.lucene.AbstractWorkspaceImpl.getIndexWriter(AbstractWorkspaceImpl.java:105) [hibernate-search-engine-5.0.1.Final.jar:5.0.1.Final]
	at org.hibernate.search.backend.impl.lucene.LuceneBackendQueueTask.applyUpdates(LuceneBackendQueueTask.java:81) [hibernate-search-engine-5.0.1.Final.jar:5.0.1.Final]
	at org.hibernate.search.backend.impl.lucene.LuceneBackendQueueTask.run(LuceneBackendQueueTask.java:47) [hibernate-search-engine-5.0.1.Final.jar:5.0.1.Final]
	at org.hibernate.search.backend.impl.lucene.SyncWorkProcessor$Consumer.applyChangesets(SyncWorkProcessor.java:145) [hibernate-search-engine-5.0.1.Final.jar:5.0.1.Final]
	at org.hibernate.search.backend.impl.lucene.SyncWorkProcessor$Consumer.run(SyncWorkProcessor.java:135) [hibernate-search-engine-5.0.1.Final.jar:5.0.1.Final]
	at java.lang.Thread.run(Unknown Source) [?:1.8.0_201]
20:31:16.014 [Hibernate Search sync consumer thread for index com.itacademy.jd2.yi.cms.dao.orm.impl.entity.Page] ERROR org.hibernate.search.backend.impl.lucene.LuceneBackendQueueTask - HSEARCH000072: Couldn't open the IndexWriter because of previous error: operation skipped, index ouf of sync!
20:31:17.226 [Hibernate Search sync consumer thread for index com.itacademy.jd2.yi.cms.dao.orm.impl.entity.Page] ERROR org.hibernate.search.exception.impl.LogErrorHandler - HSEARCH000058: Exception occurred org.apache.lucene.store.LockObtainFailedException: Lock obtain timed out: NativeFSLock@\var\lucene\indexes\com.itacademy.jd2.yi.cms.dao.orm.impl.entity.Page\write.lock
Primary Failure:
	Entity com.itacademy.jd2.yi.cms.dao.orm.impl.entity.Page  Id 4  Work Type  org.hibernate.search.backend.AddLuceneWork

org.apache.lucene.store.LockObtainFailedException: Lock obtain timed out: NativeFSLock@\var\lucene\indexes\com.itacademy.jd2.yi.cms.dao.orm.impl.entity.Page\write.lock
	at org.apache.lucene.store.Lock.obtain(Lock.java:89) ~[lucene-core-4.10.3.jar:4.10.3 1644336 - mark - 2014-12-10 00:28:00]
	at org.apache.lucene.index.IndexWriter.<init>(IndexWriter.java:753) ~[lucene-core-4.10.3.jar:4.10.3 1644336 - mark - 2014-12-10 00:28:00]
	at org.hibernate.search.backend.impl.lucene.IndexWriterHolder.createNewIndexWriter(IndexWriterHolder.java:131) [hibernate-search-engine-5.0.1.Final.jar:5.0.1.Final]
	at org.hibernate.search.backend.impl.lucene.IndexWriterHolder.getIndexWriter(IndexWriterHolder.java:97) [hibernate-search-engine-5.0.1.Final.jar:5.0.1.Final]
	at org.hibernate.search.backend.impl.lucene.AbstractWorkspaceImpl.getIndexWriter(AbstractWorkspaceImpl.java:105) [hibernate-search-engine-5.0.1.Final.jar:5.0.1.Final]
	at org.hibernate.search.backend.impl.lucene.LuceneBackendQueueTask.applyUpdates(LuceneBackendQueueTask.java:81) [hibernate-search-engine-5.0.1.Final.jar:5.0.1.Final]
	at org.hibernate.search.backend.impl.lucene.LuceneBackendQueueTask.run(LuceneBackendQueueTask.java:47) [hibernate-search-engine-5.0.1.Final.jar:5.0.1.Final]
	at org.hibernate.search.backend.impl.lucene.SyncWorkProcessor$Consumer.applyChangesets(SyncWorkProcessor.java:145) [hibernate-search-engine-5.0.1.Final.jar:5.0.1.Final]
	at org.hibernate.search.backend.impl.lucene.SyncWorkProcessor$Consumer.run(SyncWorkProcessor.java:135) [hibernate-search-engine-5.0.1.Final.jar:5.0.1.Final]
	at java.lang.Thread.run(Unknown Source) [?:1.8.0_201]
20:31:17.226 [Hibernate Search sync consumer thread for index com.itacademy.jd2.yi.cms.dao.orm.impl.entity.Page] ERROR org.hibernate.search.backend.impl.lucene.LuceneBackendQueueTask - HSEARCH000072: Couldn't open the IndexWriter because of previous error: operation skipped, index ouf of sync!
20:31:17.332 [Thread-2] INFO  org.springframework.orm.jpa.LocalContainerEntityManagerFactoryBean - Closing JPA EntityManagerFactory for persistence unit 'my-unit'
20:59:34.410 [main] INFO  org.springframework.test.context.support.DefaultTestContextBootstrapper - Loaded default TestExecutionListener class names from location [META-INF/spring.factories]: [org.springframework.test.context.web.ServletTestExecutionListener, org.springframework.test.context.support.DirtiesContextBeforeModesTestExecutionListener, org.springframework.test.context.support.DependencyInjectionTestExecutionListener, org.springframework.test.context.support.DirtiesContextTestExecutionListener, org.springframework.test.context.transaction.TransactionalTestExecutionListener, org.springframework.test.context.jdbc.SqlScriptsTestExecutionListener]
20:59:34.423 [main] INFO  org.springframework.test.context.support.DefaultTestContextBootstrapper - Using TestExecutionListeners: [org.springframework.test.context.support.DirtiesContextBeforeModesTestExecutionListener@3023df74, org.springframework.test.context.support.DependencyInjectionTestExecutionListener@313ac989, org.springframework.test.context.support.DirtiesContextTestExecutionListener@4562e04d, org.springframework.test.context.transaction.TransactionalTestExecutionListener@2a65fe7c, org.springframework.test.context.jdbc.SqlScriptsTestExecutionListener@4135c3b]
20:59:35.063 [main] INFO  org.hibernate.jpa.internal.util.LogHelper - HHH000204: Processing PersistenceUnitInfo [
	name: my-unit
	...]
20:59:35.190 [main] INFO  org.hibernate.Version - HHH000412: Hibernate Core {4.3.8.Final}
20:59:35.192 [main] INFO  org.hibernate.cfg.Environment - HHH000206: hibernate.properties not found
20:59:35.193 [main] INFO  org.hibernate.cfg.Environment - HHH000021: Bytecode provider name : javassist
20:59:35.353 [main] INFO  org.hibernate.annotations.common.Version - HCANN000001: Hibernate Commons Annotations {4.0.5.Final}
20:59:35.697 [main] INFO  org.hibernate.dialect.Dialect - HHH000400: Using dialect: org.hibernate.dialect.PostgreSQL9Dialect
20:59:35.707 [main] INFO  org.hibernate.engine.jdbc.internal.LobCreatorBuilder - HHH000424: Disabling contextual LOB creation as createClob() method threw error : java.lang.reflect.InvocationTargetException
20:59:35.788 [main] WARN  org.hibernate.cfg.AnnotationBinder - HHH000136: Inapropriate use of @OnDelete on entity, annotation ignored: com.itacademy.jd2.yi.cms.dao.orm.impl.entity.Page
20:59:35.839 [main] INFO  org.hibernate.hql.internal.ast.ASTQueryTranslatorFactory - HHH000397: Using ASTQueryTranslatorFactory
20:59:35.933 [main] INFO  org.hibernate.search.engine.Version - HSEARCH000034: Hibernate Search 5.0.1.Final
20:59:36.313 [main] WARN  org.hibernate.search.engine.impl.ConfigContext - HSEARCH000075: Configuration setting hibernate.search.lucene_version was not specified: using LUCENE_CURRENT.
20:59:36.491 [main] INFO  org.springframework.orm.jpa.LocalContainerEntityManagerFactoryBean - Initialized JPA EntityManagerFactory for persistence unit 'my-unit'
20:59:36.524 [main] INFO  com.itacademy.jd2.yi.cms.dao.orm.impl.HibernateSearchInitializer - index intialization started.
20:59:36.849 [Hibernate Search: identifierloader-1] INFO  org.hibernate.search.batchindexing.impl.SimpleIndexingProgressMonitor - HSEARCH000027: Going to reindex 2 entities
20:59:37.319 [main] INFO  org.hibernate.search.batchindexing.impl.SimpleIndexingProgressMonitor - HSEARCH000028: Reindexed 2 entities
20:59:37.319 [main] INFO  com.itacademy.jd2.yi.cms.dao.orm.impl.HibernateSearchInitializer - index intialization completed.
20:32:58.858 [main] INFO  org.springframework.test.context.support.DefaultTestContextBootstrapper - Loaded default TestExecutionListener class names from location [META-INF/spring.factories]: [org.springframework.test.context.web.ServletTestExecutionListener, org.springframework.test.context.support.DirtiesContextBeforeModesTestExecutionListener, org.springframework.test.context.support.DependencyInjectionTestExecutionListener, org.springframework.test.context.support.DirtiesContextTestExecutionListener, org.springframework.test.context.transaction.TransactionalTestExecutionListener, org.springframework.test.context.jdbc.SqlScriptsTestExecutionListener]
20:32:58.878 [main] INFO  org.springframework.test.context.support.DefaultTestContextBootstrapper - Using TestExecutionListeners: [org.springframework.test.context.support.DirtiesContextBeforeModesTestExecutionListener@7b98f307, org.springframework.test.context.support.DependencyInjectionTestExecutionListener@4802796d, org.springframework.test.context.support.DirtiesContextTestExecutionListener@34123d65, org.springframework.test.context.transaction.TransactionalTestExecutionListener@59474f18, org.springframework.test.context.jdbc.SqlScriptsTestExecutionListener@65fb9ffc]
20:32:59.544 [main] INFO  org.hibernate.jpa.internal.util.LogHelper - HHH000204: Processing PersistenceUnitInfo [
	name: my-unit
	...]
20:32:59.644 [main] INFO  org.hibernate.Version - HHH000412: Hibernate Core {4.3.8.Final}
20:32:59.646 [main] INFO  org.hibernate.cfg.Environment - HHH000206: hibernate.properties not found
20:32:59.648 [main] INFO  org.hibernate.cfg.Environment - HHH000021: Bytecode provider name : javassist
20:32:59.825 [main] INFO  org.hibernate.annotations.common.Version - HCANN000001: Hibernate Commons Annotations {4.0.5.Final}
20:33:00.166 [main] INFO  org.hibernate.dialect.Dialect - HHH000400: Using dialect: org.hibernate.dialect.PostgreSQL9Dialect
20:33:00.177 [main] INFO  org.hibernate.engine.jdbc.internal.LobCreatorBuilder - HHH000424: Disabling contextual LOB creation as createClob() method threw error : java.lang.reflect.InvocationTargetException
20:33:00.264 [main] WARN  org.hibernate.cfg.AnnotationBinder - HHH000136: Inapropriate use of @OnDelete on entity, annotation ignored: com.itacademy.jd2.yi.cms.dao.orm.impl.entity.Page
20:33:00.320 [main] INFO  org.hibernate.hql.internal.ast.ASTQueryTranslatorFactory - HHH000397: Using ASTQueryTranslatorFactory
20:33:00.419 [main] INFO  org.hibernate.search.engine.Version - HSEARCH000034: Hibernate Search 5.0.1.Final
20:33:00.817 [main] WARN  org.hibernate.search.engine.impl.ConfigContext - HSEARCH000075: Configuration setting hibernate.search.lucene_version was not specified: using LUCENE_CURRENT.
20:33:01.159 [main] INFO  org.springframework.orm.jpa.LocalContainerEntityManagerFactoryBean - Initialized JPA EntityManagerFactory for persistence unit 'my-unit'
20:33:01.224 [main] INFO  com.itacademy.jd2.yi.cms.dao.orm.impl.HibernateSearchInitializer - index intialization started.
20:33:01.619 [Hibernate Search: identifierloader-1] INFO  org.hibernate.search.batchindexing.impl.SimpleIndexingProgressMonitor - HSEARCH000027: Going to reindex 1 entities
20:33:01.914 [main] INFO  org.hibernate.search.batchindexing.impl.SimpleIndexingProgressMonitor - HSEARCH000028: Reindexed 1 entities
20:33:01.914 [main] INFO  com.itacademy.jd2.yi.cms.dao.orm.impl.HibernateSearchInitializer - index intialization completed.
20:33:02.360 [main] WARN  org.hibernate.engine.jdbc.spi.SqlExceptionHelper - SQL Error: 0, SQLState: 23503
20:33:02.361 [main] ERROR org.hibernate.engine.jdbc.spi.SqlExceptionHelper - : UPDATE  DELETE   "user_account"     "page_fk3"  "page"
  Detail:   (id)=(1)       "page".
20:33:04.606 [Thread-2] INFO  org.springframework.orm.jpa.LocalContainerEntityManagerFactoryBean - Closing JPA EntityManagerFactory for persistence unit 'my-unit'
20:34:00.525 [main] INFO  org.springframework.test.context.support.DefaultTestContextBootstrapper - Loaded default TestExecutionListener class names from location [META-INF/spring.factories]: [org.springframework.test.context.web.ServletTestExecutionListener, org.springframework.test.context.support.DirtiesContextBeforeModesTestExecutionListener, org.springframework.test.context.support.DependencyInjectionTestExecutionListener, org.springframework.test.context.support.DirtiesContextTestExecutionListener, org.springframework.test.context.transaction.TransactionalTestExecutionListener, org.springframework.test.context.jdbc.SqlScriptsTestExecutionListener]
20:34:00.536 [main] INFO  org.springframework.test.context.support.DefaultTestContextBootstrapper - Using TestExecutionListeners: [org.springframework.test.context.support.DirtiesContextBeforeModesTestExecutionListener@7b98f307, org.springframework.test.context.support.DependencyInjectionTestExecutionListener@4802796d, org.springframework.test.context.support.DirtiesContextTestExecutionListener@34123d65, org.springframework.test.context.transaction.TransactionalTestExecutionListener@59474f18, org.springframework.test.context.jdbc.SqlScriptsTestExecutionListener@65fb9ffc]
20:34:01.334 [main] INFO  org.hibernate.jpa.internal.util.LogHelper - HHH000204: Processing PersistenceUnitInfo [
	name: my-unit
	...]
20:34:01.403 [main] INFO  org.hibernate.Version - HHH000412: Hibernate Core {4.3.8.Final}
20:34:01.405 [main] INFO  org.hibernate.cfg.Environment - HHH000206: hibernate.properties not found
20:34:01.406 [main] INFO  org.hibernate.cfg.Environment - HHH000021: Bytecode provider name : javassist
20:34:01.559 [main] INFO  org.hibernate.annotations.common.Version - HCANN000001: Hibernate Commons Annotations {4.0.5.Final}
20:34:01.895 [main] INFO  org.hibernate.dialect.Dialect - HHH000400: Using dialect: org.hibernate.dialect.PostgreSQL9Dialect
20:34:01.906 [main] INFO  org.hibernate.engine.jdbc.internal.LobCreatorBuilder - HHH000424: Disabling contextual LOB creation as createClob() method threw error : java.lang.reflect.InvocationTargetException
20:34:02.004 [main] WARN  org.hibernate.cfg.AnnotationBinder - HHH000136: Inapropriate use of @OnDelete on entity, annotation ignored: com.itacademy.jd2.yi.cms.dao.orm.impl.entity.Page
20:34:02.089 [main] INFO  org.hibernate.hql.internal.ast.ASTQueryTranslatorFactory - HHH000397: Using ASTQueryTranslatorFactory
20:34:02.189 [main] INFO  org.hibernate.search.engine.Version - HSEARCH000034: Hibernate Search 5.0.1.Final
20:34:02.531 [main] WARN  org.hibernate.search.engine.impl.ConfigContext - HSEARCH000075: Configuration setting hibernate.search.lucene_version was not specified: using LUCENE_CURRENT.
20:34:02.869 [main] INFO  org.springframework.orm.jpa.LocalContainerEntityManagerFactoryBean - Initialized JPA EntityManagerFactory for persistence unit 'my-unit'
20:34:02.923 [main] INFO  com.itacademy.jd2.yi.cms.dao.orm.impl.HibernateSearchInitializer - index intialization started.
20:34:03.410 [Hibernate Search: identifierloader-1] INFO  org.hibernate.search.batchindexing.impl.SimpleIndexingProgressMonitor - HSEARCH000027: Going to reindex 1 entities
20:34:03.687 [main] INFO  org.hibernate.search.batchindexing.impl.SimpleIndexingProgressMonitor - HSEARCH000028: Reindexed 1 entities
20:34:03.687 [main] INFO  com.itacademy.jd2.yi.cms.dao.orm.impl.HibernateSearchInitializer - index intialization completed.
20:34:03.859 [main] INFO  MethodExecutionTimeProfiler - method execution: [UserAccountServiceImpl:createEntity=37 microseconds]
20:34:03.886 [main] INFO  MethodExecutionTimeProfiler - method execution: [UserAccountServiceImpl:save=20958 microseconds]
20:34:03.906 [main] INFO  MethodExecutionTimeProfiler - method execution: [UserAccountServiceImpl:createEntity=9 microseconds]
20:34:03.908 [main] INFO  MethodExecutionTimeProfiler - method execution: [UserAccountServiceImpl:save=1092 microseconds]
20:34:03.935 [main] INFO  MethodExecutionTimeProfiler - method execution: [UserAccountServiceImpl:createEntity=12 microseconds]
20:34:03.939 [main] INFO  MethodExecutionTimeProfiler - method execution: [UserAccountServiceImpl:save=3393 microseconds]
20:34:03.943 [main] INFO  MethodExecutionTimeProfiler - method execution: [UserAccountServiceImpl:createEntity=11 microseconds]
20:34:03.944 [main] INFO  MethodExecutionTimeProfiler - method execution: [UserAccountServiceImpl:save=1112 microseconds]
20:34:03.983 [main] INFO  MethodExecutionTimeProfiler - method execution: [UserAccountServiceImpl:createEntity=8 microseconds]
20:34:03.988 [main] INFO  MethodExecutionTimeProfiler - method execution: [UserAccountServiceImpl:save=4262 microseconds]
20:34:04.027 [main] INFO  MethodExecutionTimeProfiler - method execution: [UserAccountServiceImpl:createEntity=9 microseconds]
20:34:04.029 [main] INFO  MethodExecutionTimeProfiler - method execution: [UserAccountServiceImpl:save=1292 microseconds]
20:34:04.263 [main] INFO  MethodExecutionTimeProfiler - method execution: [UserAccountServiceImpl:getCount=203641 microseconds]
20:34:04.393 [main] INFO  MethodExecutionTimeProfiler - method execution: [UserAccountServiceImpl:createEntity=7 microseconds]
20:34:04.445 [main] INFO  MethodExecutionTimeProfiler - method execution: [UserAccountServiceImpl:save=2107 microseconds]
20:34:04.456 [main] WARN  org.hibernate.engine.jdbc.spi.SqlExceptionHelper - SQL Error: 0, SQLState: 23503
20:34:04.457 [main] ERROR org.hibernate.engine.jdbc.spi.SqlExceptionHelper - : UPDATE  DELETE   "user_account"     "page_fk3"  "page"
  Detail:   (id)=(1)       "page".
20:34:04.473 [main] INFO  MethodExecutionTimeProfiler - method execution: [UserAccountServiceImpl:getAll=8469 microseconds]
20:34:04.473 [main] INFO  MethodExecutionTimeProfiler - method execution: [UserAccountServiceImpl:createEntity=9 microseconds]
20:34:04.473 [main] INFO  MethodExecutionTimeProfiler - method execution: [UserAccountServiceImpl:createEntity=5 microseconds]
20:34:04.480 [main] INFO  MethodExecutionTimeProfiler - method execution: [UserAccountServiceImpl:getAll=5135 microseconds]
20:34:04.482 [main] INFO  MethodExecutionTimeProfiler - method execution: [UserAccountServiceImpl:createEntity=8 microseconds]
20:34:04.484 [main] INFO  MethodExecutionTimeProfiler - method execution: [UserAccountServiceImpl:save=1364 microseconds]
20:34:04.493 [main] INFO  MethodExecutionTimeProfiler - method execution: [UserAccountServiceImpl:get=7461 microseconds]
20:34:04.496 [main] INFO  MethodExecutionTimeProfiler - method execution: [UserAccountServiceImpl:createEntity=8 microseconds]
20:34:04.507 [main] INFO  MethodExecutionTimeProfiler - method execution: [UserAccountServiceImpl:save=11113 microseconds]
20:34:04.525 [main] INFO  MethodExecutionTimeProfiler - method execution: [UserAccountServiceImpl:delete=13667 microseconds]
20:34:04.528 [main] INFO  MethodExecutionTimeProfiler - method execution: [UserAccountServiceImpl:get=1414 microseconds]
20:34:04.535 [main] INFO  MethodExecutionTimeProfiler - method execution: [UserAccountServiceImpl:getAll=4769 microseconds]
20:34:04.535 [main] INFO  MethodExecutionTimeProfiler - method execution: [UserAccountServiceImpl:createEntity=12 microseconds]
20:34:04.539 [main] INFO  MethodExecutionTimeProfiler - method execution: [UserAccountServiceImpl:save=3597 microseconds]
20:34:04.540 [main] INFO  MethodExecutionTimeProfiler - method execution: [UserAccountServiceImpl:createEntity=15 microseconds]
20:34:04.544 [main] INFO  MethodExecutionTimeProfiler - method execution: [UserAccountServiceImpl:save=2803 microseconds]
20:34:04.550 [main] INFO  MethodExecutionTimeProfiler - method execution: [UserAccountServiceImpl:getAll=3971 microseconds]
20:34:04.552 [main] INFO  MethodExecutionTimeProfiler - method execution: [UserAccountServiceImpl:createEntity=10 microseconds]
20:34:04.554 [main] INFO  MethodExecutionTimeProfiler - method execution: [UserAccountServiceImpl:save=2150 microseconds]
20:34:06.590 [main] INFO  MethodExecutionTimeProfiler - method execution: [UserAccountServiceImpl:save=32014 microseconds]
20:34:06.593 [main] INFO  MethodExecutionTimeProfiler - method execution: [UserAccountServiceImpl:get=1962 microseconds]
